0 info it worked if it ends with ok
1 verbose cli [ 'D:\\nodeJS安装包\\node.exe',
1 verbose cli   'C:\\Users\\yang\\AppData\\Roaming\\npm\\node_modules\\npm\\bin\\npm-cli.js',
1 verbose cli   'run',
1 verbose cli   'dev' ]
2 info using npm@4.0.3
3 info using node@v7.2.0
4 verbose stack Error: ENOENT: no such file or directory, open 'F:\program\pao_note\13_vue\02_进阶\01_vue-cli\package.json'
5 verbose cwd F:\program\pao_note\13_vue\02_进阶\01_vue-cli
6 error Windows_NT 6.2.9200
7 error argv "D:\\nodeJS安装包\\node.exe" "C:\\Users\\yang\\AppData\\Roaming\\npm\\node_modules\\npm\\bin\\npm-cli.js" "run" "dev"
8 error node v7.2.0
9 error npm  v4.0.3
10 error path F:\program\pao_note\13_vue\02_进阶\01_vue-cli\package.json
11 error code ENOENT
12 error errno -4058
13 error syscall open
14 error enoent ENOENT: no such file or directory, open 'F:\program\pao_note\13_vue\02_进阶\01_vue-cli\package.json'
15 error enoent ENOENT: no such file or directory, open 'F:\program\pao_note\13_vue\02_进阶\01_vue-cli\package.json'
15 error enoent This is most likely not a problem with npm itself
15 error enoent and is related to npm not being able to find a file.
16 verbose exit [ -4058, true ]
